<?xml version="1.0" encoding="UTF-8"?>
<!-- Generated by org.testng.reporters.JUnitXMLReporter -->
<testsuite ignored="1" hostname="IN3070789W1" failures="0" tests="3" name="Default test" time="0.174" errors="0" timestamp="2023-01-06T09:50:18 IST">
  <testcase classname="testng_package.AnnotationsTest" name="af2" time="0.031"/>
  <testcase classname="testng_package.AnnotationsTest" name="F1" time="0.004"/>
  <testcase classname="testng_package.AnnotationsTest" name="F" time="0.003"/>
  <testcase classname="testng_package.AnnotationsTest" name="BF" time="0.0">
    <ignored/>
  </testcase> <!-- BF -->
</testsuite> <!-- Default test -->
