<?xml version="1.0" encoding="UTF-8"?>
<testng-results ignored="0" total="2" passed="2" failed="0" skipped="0">
  <reporter-output>
  </reporter-output>
  <suite started-at="2023-01-06T11:04:22 IST" name="Suite" finished-at="2023-01-06T11:04:55 IST" duration-ms="32861">
    <groups>
    </groups>
    <test started-at="2023-01-06T11:04:22 IST" name="edgetest" finished-at="2023-01-06T11:04:38 IST" duration-ms="16496">
      <class name="testng_package.MultiBrowser">
        <test-method is-config="true" signature="beforeClass(java.lang.String)[pri:0, instance:testng_package.MultiBrowser@36bc55de]" started-at="2023-01-06T11:04:22 IST" name="beforeClass" finished-at="2023-01-06T11:04:33 IST" duration-ms="11325" status="PASS">
          <params>
            <param index="0">
              <value>
                <![CDATA[edge]]>
              </value>
            </param>
          </params>
          <reporter-output>
          </reporter-output>
        </test-method> <!-- beforeClass -->
        <test-method signature="f()[pri:0, instance:testng_package.MultiBrowser@36bc55de]" started-at="2023-01-06T11:04:33 IST" name="f" finished-at="2023-01-06T11:04:38 IST" duration-ms="4455" status="PASS">
          <reporter-output>
          </reporter-output>
        </test-method> <!-- f -->
        <test-method is-config="true" signature="afterClass()[pri:0, instance:testng_package.MultiBrowser@36bc55de]" started-at="2023-01-06T11:04:38 IST" name="afterClass" finished-at="2023-01-06T11:04:38 IST" duration-ms="670" status="PASS">
          <reporter-output>
          </reporter-output>
        </test-method> <!-- afterClass -->
      </class> <!-- testng_package.MultiBrowser -->
    </test> <!-- edgetest -->
    <test started-at="2023-01-06T11:04:38 IST" name="chrometest" finished-at="2023-01-06T11:04:55 IST" duration-ms="16274">
      <class name="testng_package.MultiBrowser">
        <test-method is-config="true" signature="beforeClass(java.lang.String)[pri:0, instance:testng_package.MultiBrowser@2a4fb17b]" started-at="2023-01-06T11:04:38 IST" name="beforeClass" finished-at="2023-01-06T11:04:50 IST" duration-ms="11778" status="PASS">
          <params>
            <param index="0">
              <value>
                <![CDATA[chrome]]>
              </value>
            </param>
          </params>
          <reporter-output>
          </reporter-output>
        </test-method> <!-- beforeClass -->
        <test-method signature="f()[pri:0, instance:testng_package.MultiBrowser@2a4fb17b]" started-at="2023-01-06T11:04:50 IST" name="f" finished-at="2023-01-06T11:04:54 IST" duration-ms="3886" status="PASS">
          <reporter-output>
          </reporter-output>
        </test-method> <!-- f -->
        <test-method is-config="true" signature="afterClass()[pri:0, instance:testng_package.MultiBrowser@2a4fb17b]" started-at="2023-01-06T11:04:54 IST" name="afterClass" finished-at="2023-01-06T11:04:55 IST" duration-ms="606" status="PASS">
          <reporter-output>
          </reporter-output>
        </test-method> <!-- afterClass -->
      </class> <!-- testng_package.MultiBrowser -->
    </test> <!-- chrometest -->
  </suite> <!-- Suite -->
</testng-results>
